\BOOKMARK [1][-]{section.1}{\116\377\167\037\116\214: OFDM\174\373\176\337}{}% 1
\BOOKMARK [2][-]{subsection.1.1}{\116\377\167\037\217\307\172\013}{section.1}% 2
\BOOKMARK [3][-]{subsubsection.1.1.1}{\123\321\134\004\147\072\220\350\122\006}{subsection.1.1}% 3
\BOOKMARK [3][-]{subsubsection.1.1.2}{\117\341\220\123\220\350\122\006}{subsection.1.1}% 4
\BOOKMARK [3][-]{subsubsection.1.1.3}{\143\245\145\066\147\072\220\350\122\006}{subsection.1.1}% 5
\BOOKMARK [3][-]{subsubsection.1.1.4}{\213\364\146\016}{subsection.1.1}% 6
\BOOKMARK [2][-]{subsection.1.2}{\133\236\232\214}{section.1}% 7
\BOOKMARK [3][-]{subsubsection.1.2.1}{\133\146\116\140\214\003\122\066\124\214\211\343\214\003\121\375\145\160\166\204\117\177\165\(\377\014\143\214\143\341\127\372\147\054OFDM\174\373\176\337\166\204\116\377\167\037\123\237\164\006\060\002}{subsection.1.2}% 8
\BOOKMARK [3][-]{subsubsection.1.2.2}{\173\200\146\023OFDM\117 \217\223\174\373\176\337}{subsection.1.2}% 9
\BOOKMARK [3][-]{subsubsection.1.2.3}{\154\342\137\142\124\214\230\221\214\061}{subsection.1.2}% 10
\BOOKMARK [3][-]{subsubsection.1.2.4}{AWGN\117\341\220\123}{subsection.1.2}% 11
\BOOKMARK [3][-]{subsubsection.1.2.5}{BER-SNR}{subsection.1.2}% 12
\BOOKMARK [3][-]{subsubsection.1.2.6}{\123\314\137\204\117\341\220\123}{subsection.1.2}% 13
\BOOKMARK [3][-]{subsubsection.1.2.7}{\131\032\137\204\117\341\220\123}{subsection.1.2}% 14
\BOOKMARK [1][-]{section.2}{\225\356\173\124\230\230}{}% 15
\BOOKMARK [2][-]{subsection.2.1}{\145\366\127\337\213\255\176\303\136\217\122\027\060\001\230\221\127\337\122\006\145\143\133\374\230\221\124\214\230\221\127\337\217\336\176\355\133\374\230\221\127\(\117\341\220\123\117\060\213\241\116\012\124\004\147\011\116\300\116\110\117\030\122\277\124\214\134\100\226\120?}{section.2}% 16
\BOOKMARK [2][-]{subsection.2.2}{DVB-S2\060\001DVB-T2 \166\370\153\324\116\016 DVB-S \124\214 DVB-T \147\011\116\300\116\110\145\260\166\204\136\224\165\(\227\000\154\102,\166\370\136\224\120\132\121\372\116\206\116\300\116\110\142\200\147\057\145\071\217\333\377\037\213\367\173\200\217\360\060\002}{section.2}% 17
\BOOKMARK [2][-]{subsection.2.3}{\145\160\133\127\165\065\211\306\136\177\144\255\116\055\116\072\117\125\121\372\163\260\123\125\230\221\177\121,\121\166\116\073\211\201\142\200\147\057\226\276\160\271\146\057\116\300\116\110?}{section.2}% 18
\BOOKMARK [2][-]{subsection.2.4}{\173\200\217\360\131\032\152\041\121\111\176\244\116\016\123\125\152\041\121\111\176\244\127\(\217\333\210\114\117 \217\223\145\366\166\204\135\356\122\053\060\002}{section.2}% 19
\BOOKMARK [2][-]{subsection.2.5}{\213\241\173\227 OFDM \123\302\145\160}{section.2}% 20
